Using pre-set license
Built from '2021.1/staging' branch; Version is '2021.1.7f1 (d91830b65d9b) revision 14227504'; Using compiler version '192528614'; Build Type 'Release'
OS: 'Windows 10 Pro; OS build 19043.1165; Version 2009; 64bit' Language: 'ru' Physical Memory: 16332 MB
BatchMode: 1, IsHumanControllingUs: 0, StartBugReporterOnCrash: 0, Is64bit: 1, IsPro: 0

 COMMAND LINE ARGUMENTS:
G:\1\2021.1.7f1\Editor\Unity.exe
-adb2
-batchMode
-noUpm
-name
AssetImportWorker0
-projectPath
D:/Git/ProjectBouncing Ball Test
-logFile
Logs/AssetImportWorker0.log
-srvPort
60920
Successfully changed project path to: D:/Git/ProjectBouncing Ball Test
D:/Git/ProjectBouncing Ball Test
Using Asset Import Pipeline V2.
Refreshing native plugins compatible for Editor in 102.93 ms, found 2 plugins.
Preloading 0 native plugins for Editor in 0.00 ms.
Initialize engine version: 2021.1.7f1 (d91830b65d9b)
[Subsystems] Discovering subsystems at path G:/1/2021.1.7f1/Editor/Data/Resources/UnitySubsystems
[Subsystems] Discovering subsystems at path D:/Git/ProjectBouncing Ball Test/Assets
GfxDevice: creating device client; threaded=0; jobified=0
Direct3D:
    Version:  Direct3D 11.0 [level 11.1]
    Renderer: Radeon RX 570 Series (ID=0x67df)
    Vendor:   ATI
    VRAM:     8171 MB
    Driver:   27.20.12029.1000
Initialize mono
Mono path[0] = 'G:/1/2021.1.7f1/Editor/Data/Managed'
Mono path[1] = 'G:/1/2021.1.7f1/Editor/Data/MonoBleedingEdge/lib/mono/unityjit'
Mono config path = 'G:/1/2021.1.7f1/Editor/Data/MonoBleedingEdge/etc'
Using monoOptions --debugger-agent=transport=dt_socket,embedding=1,server=y,suspend=n,address=127.0.0.1:56560
Begin MonoManager ReloadAssembly
Registering precompiled unity dll's ...
Register platform support module: G:/1/2021.1.7f1/Editor/Data/PlaybackEngines/WindowsStandaloneSupport/UnityEditor.WindowsStandalone.Extensions.dll
Registered in 0.002969 seconds.
Native extension for WindowsStandalone target not found
Refreshing native plugins compatible for Editor in 114.14 ms, found 2 plugins.
Preloading 0 native plugins for Editor in 0.00 ms.
Mono: successfully reloaded assembly
- Completed reload, in  1.575 seconds
Platform modules already initialized, skipping
Registering precompiled user dll's ...
Registered in 0.004920 seconds.
Begin MonoManager ReloadAssembly
Symbol file LoadedFromMemory doesn't match image D:\Git\ProjectBouncing Ball Test\Library\PackageCache\com.unity.visualscripting@1.6.1\Editor\VisualScripting.Core\Dependencies\YamlDotNet\Unity.VisualScripting.YamlDotNet.dll
Symbol file LoadedFromMemory doesn't match image D:\Git\ProjectBouncing Ball Test\Library\PackageCache\com.unity.visualscripting@1.6.1\Editor\VisualScripting.Core\Dependencies\DotNetZip\Unity.VisualScripting.IonicZip.dll
Native extension for WindowsStandalone target not found
Refreshing native plugins compatible for Editor in 107.01 ms, found 2 plugins.
Preloading 0 native plugins for Editor in 0.00 ms.
Mono: successfully reloaded assembly
- Completed reload, in  1.287 seconds
Platform modules already initialized, skipping
========================================================================
Worker process is ready to serve import requests
Launched and connected shader compiler UnityShaderCompiler.exe after 0.05 seconds
Refreshing native plugins compatible for Editor in 0.88 ms, found 2 plugins.
Preloading 0 native plugins for Editor in 0.00 ms.
Unloading 3413 Unused Serialized files (Serialized files now loaded: 0)
System memory in use before: 129.1 MB.
System memory in use after: 129.2 MB.

Unloading 31 unused Assets to reduce memory usage. Loaded Objects now: 3871.
Total: 2.885600 ms (FindLiveObjects: 0.297700 ms CreateObjectMapping: 0.097200 ms MarkObjects: 2.322600 ms  DeleteObjects: 0.166500 ms)

========================================================================
Received Import Request.
  path: Assets/Sprites/Button.png
  artifactKey: Guid(e3b6d4b60adfc7446b3c76d8e012443a) Importer(815301076,1909f56bfc062723c751e8b465ee728b)
Start importing Assets/Sprites/Button.png using Guid(e3b6d4b60adfc7446b3c76d8e012443a) Importer(815301076,1909f56bfc062723c751e8b465ee728b)  -> (artifact id: '8626b178be87dccce46708541a662bb0') in 0.119565 seconds 
========================================================================
Received Import Request.
  Time since last request: 21.877854 seconds.
  path: Assets/Sprites/Button.png
  artifactKey: Guid(e3b6d4b60adfc7446b3c76d8e012443a) Importer(815301076,1909f56bfc062723c751e8b465ee728b)
Start importing Assets/Sprites/Button.png using Guid(e3b6d4b60adfc7446b3c76d8e012443a) Importer(815301076,1909f56bfc062723c751e8b465ee728b)  -> (artifact id: '88bb069983aca453c96407cb86cb15d3') in 0.023641 seconds 
========================================================================
Received Import Request.
  Time since last request: 7.446695 seconds.
  path: Assets/Sprites/Button.png
  artifactKey: Guid(e3b6d4b60adfc7446b3c76d8e012443a) Importer(815301076,1909f56bfc062723c751e8b465ee728b)
Start importing Assets/Sprites/Button.png using Guid(e3b6d4b60adfc7446b3c76d8e012443a) Importer(815301076,1909f56bfc062723c751e8b465ee728b)  -> (artifact id: '2cee0b28c21fdc51e8ad4ccf2dcb1d89') in 0.011267 seconds 
========================================================================
Received Import Request.
  Time since last request: 32.800107 seconds.
  path: Assets/Sprites/Button.png
  artifactKey: Guid(e3b6d4b60adfc7446b3c76d8e012443a) Importer(815301076,1909f56bfc062723c751e8b465ee728b)
Start importing Assets/Sprites/Button.png using Guid(e3b6d4b60adfc7446b3c76d8e012443a) Importer(815301076,1909f56bfc062723c751e8b465ee728b)  -> (artifact id: '8b4e2b86acc0c9d585c8a2d43e158505') in 0.010868 seconds 
========================================================================
Received Import Request.
  Time since last request: 45.276005 seconds.
  path: Assets/Sprites/Button.png
  artifactKey: Guid(e3b6d4b60adfc7446b3c76d8e012443a) Importer(815301076,1909f56bfc062723c751e8b465ee728b)
Start importing Assets/Sprites/Button.png using Guid(e3b6d4b60adfc7446b3c76d8e012443a) Importer(815301076,1909f56bfc062723c751e8b465ee728b)  -> (artifact id: '98db6821448c56d782ab9b4a67fc25b4') in 0.010844 seconds 
========================================================================
Received Import Request.
  Time since last request: 12.668062 seconds.
  path: Assets/Sprites/Button.png
  artifactKey: Guid(e3b6d4b60adfc7446b3c76d8e012443a) Importer(815301076,1909f56bfc062723c751e8b465ee728b)
Start importing Assets/Sprites/Button.png using Guid(e3b6d4b60adfc7446b3c76d8e012443a) Importer(815301076,1909f56bfc062723c751e8b465ee728b)  -> (artifact id: '1e5b4f309848a2131c2b1c87a81788f5') in 0.010724 seconds 
========================================================================
Received Import Request.
  Time since last request: 83.917767 seconds.
  path: Assets/Scripts/Buttons
  artifactKey: Guid(be8e0556a70f0c0479083ec8bca79865) Importer(815301076,1909f56bfc062723c751e8b465ee728b)
Start importing Assets/Scripts/Buttons using Guid(be8e0556a70f0c0479083ec8bca79865) Importer(815301076,1909f56bfc062723c751e8b465ee728b)  -> (artifact id: 'c84073c1c876e8b0ac64a43b90fc5713') in 0.003001 seconds 
========================================================================
Received Import Request.
  Time since last request: 12.793719 seconds.
  path: Assets/Scripts/Buttons/StartGame.cs
  artifactKey: Guid(3b07f2246ee5c754cb5fdb24ac7f6289) Importer(815301076,1909f56bfc062723c751e8b465ee728b)
Start importing Assets/Scripts/Buttons/StartGame.cs using Guid(3b07f2246ee5c754cb5fdb24ac7f6289) Importer(815301076,1909f56bfc062723c751e8b465ee728b)  -> (artifact id: 'b04a5dc40d64930332e0d69abedcb05e') in 0.006388 seconds 
========================================================================
Received Prepare
Registering precompiled user dll's ...
Registered in 0.004861 seconds.
Begin MonoManager ReloadAssembly
Symbol file LoadedFromMemory doesn't match image D:\Git\ProjectBouncing Ball Test\Library\PackageCache\com.unity.visualscripting@1.6.1\Editor\VisualScripting.Core\Dependencies\YamlDotNet\Unity.VisualScripting.YamlDotNet.dll
Symbol file LoadedFromMemory doesn't match image D:\Git\ProjectBouncing Ball Test\Library\PackageCache\com.unity.visualscripting@1.6.1\Editor\VisualScripting.Core\Dependencies\DotNetZip\Unity.VisualScripting.IonicZip.dll
Native extension for WindowsStandalone target not found
Refreshing native plugins compatible for Editor in 0.66 ms, found 2 plugins.
Preloading 0 native plugins for Editor in 0.00 ms.
Mono: successfully reloaded assembly
- Completed reload, in  1.233 seconds
Platform modules already initialized, skipping
Switching build target platform(19) subTarget(0) extendedPlatform(0) -> platform(13) subTarget(537395200) extendedPlatform(0)
Refreshing native plugins compatible for Editor in 0.66 ms, found 2 plugins.
Preloading 0 native plugins for Editor in 0.00 ms.
Unloading 3413 Unused Serialized files (Serialized files now loaded: 0)
System memory in use before: 139.9 MB.
System memory in use after: 140.0 MB.

Unloading 19 unused Assets to reduce memory usage. Loaded Objects now: 3967.
Total: 2.572900 ms (FindLiveObjects: 0.279400 ms CreateObjectMapping: 0.085600 ms MarkObjects: 2.087900 ms  DeleteObjects: 0.118800 ms)

AssetImportParameters requested are different than current active one (requested -> active):
  custom:graphics/normal-map-encoding: 01000000000000000000000000000000 -> 02000000000000000000000000000000
========================================================================
Received Import Request.
  Time since last request: 16.350568 seconds.
  path: Assets/Scripts/Buttons/ShowCredits.cs
  artifactKey: Guid(d857f25c69696704cb0d9549f1fcee44) Importer(815301076,1909f56bfc062723c751e8b465ee728b)
Start importing Assets/Scripts/Buttons/ShowCredits.cs using Guid(d857f25c69696704cb0d9549f1fcee44) Importer(815301076,1909f56bfc062723c751e8b465ee728b)  -> (artifact id: '23ccea89e2740b1bda15ad38b40d909d') in 0.008259 seconds 
========================================================================
Received Prepare
Registering precompiled user dll's ...
Registered in 0.005379 seconds.
Begin MonoManager ReloadAssembly
Symbol file LoadedFromMemory doesn't match image D:\Git\ProjectBouncing Ball Test\Library\PackageCache\com.unity.visualscripting@1.6.1\Editor\VisualScripting.Core\Dependencies\YamlDotNet\Unity.VisualScripting.YamlDotNet.dll
Symbol file LoadedFromMemory doesn't match image D:\Git\ProjectBouncing Ball Test\Library\PackageCache\com.unity.visualscripting@1.6.1\Editor\VisualScripting.Core\Dependencies\DotNetZip\Unity.VisualScripting.IonicZip.dll
Native extension for WindowsStandalone target not found
Refreshing native plugins compatible for Editor in 0.76 ms, found 2 plugins.
Preloading 0 native plugins for Editor in 0.00 ms.
Mono: successfully reloaded assembly
- Completed reload, in  1.268 seconds
Platform modules already initialized, skipping
Script is not up to date after domain reload: guid(3f6e257ea05b3ea488ca3c67b44d124a) path("Assets/Scripts/Buttons/Exit.cs") state(2)
Switching build target platform(19) subTarget(0) extendedPlatform(0) -> platform(13) subTarget(537395200) extendedPlatform(0)
Refreshing native plugins compatible for Editor in 0.68 ms, found 2 plugins.
Preloading 0 native plugins for Editor in 0.00 ms.
Unloading 3413 Unused Serialized files (Serialized files now loaded: 0)
System memory in use before: 140.0 MB.
System memory in use after: 140.1 MB.

Unloading 19 unused Assets to reduce memory usage. Loaded Objects now: 3972.
Total: 2.580000 ms (FindLiveObjects: 0.307700 ms CreateObjectMapping: 0.087200 ms MarkObjects: 2.079600 ms  DeleteObjects: 0.104200 ms)

AssetImportParameters requested are different than current active one (requested -> active):
  custom:graphics/normal-map-encoding: 01000000000000000000000000000000 -> 02000000000000000000000000000000
========================================================================
Received Import Request.
  Time since last request: 9.357847 seconds.
  path: Assets/Scripts/Buttons/Exit.cs
  artifactKey: Guid(3f6e257ea05b3ea488ca3c67b44d124a) Importer(815301076,1909f56bfc062723c751e8b465ee728b)
Start importing Assets/Scripts/Buttons/Exit.cs using Guid(3f6e257ea05b3ea488ca3c67b44d124a) Importer(815301076,1909f56bfc062723c751e8b465ee728b)  -> (artifact id: '713e6dec2003970aceb36a45321f3600') in 0.008838 seconds 
========================================================================
Received Prepare
Registering precompiled user dll's ...
Registered in 0.005271 seconds.
Begin MonoManager ReloadAssembly
Symbol file LoadedFromMemory doesn't match image D:\Git\ProjectBouncing Ball Test\Library\PackageCache\com.unity.visualscripting@1.6.1\Editor\VisualScripting.Core\Dependencies\YamlDotNet\Unity.VisualScripting.YamlDotNet.dll
Symbol file LoadedFromMemory doesn't match image D:\Git\ProjectBouncing Ball Test\Library\PackageCache\com.unity.visualscripting@1.6.1\Editor\VisualScripting.Core\Dependencies\DotNetZip\Unity.VisualScripting.IonicZip.dll
Native extension for WindowsStandalone target not found
Refreshing native plugins compatible for Editor in 0.68 ms, found 2 plugins.
Preloading 0 native plugins for Editor in 0.00 ms.
Mono: successfully reloaded assembly
- Completed reload, in  1.294 seconds
Platform modules already initialized, skipping
Switching build target platform(19) subTarget(0) extendedPlatform(0) -> platform(13) subTarget(537395200) extendedPlatform(0)
Refreshing native plugins compatible for Editor in 0.67 ms, found 2 plugins.
Preloading 0 native plugins for Editor in 0.00 ms.
Unloading 3414 Unused Serialized files (Serialized files now loaded: 0)
System memory in use before: 140.0 MB.
System memory in use after: 140.1 MB.

Unloading 19 unused Assets to reduce memory usage. Loaded Objects now: 3977.
Total: 2.696400 ms (FindLiveObjects: 0.291300 ms CreateObjectMapping: 0.083900 ms MarkObjects: 2.214600 ms  DeleteObjects: 0.105100 ms)

AssetImportParameters requested are different than current active one (requested -> active):
  custom:graphics/normal-map-encoding: 01000000000000000000000000000000 -> 02000000000000000000000000000000
========================================================================
Received Prepare
Registering precompiled user dll's ...
Registered in 0.005659 seconds.
Begin MonoManager ReloadAssembly
Symbol file LoadedFromMemory doesn't match image D:\Git\ProjectBouncing Ball Test\Library\PackageCache\com.unity.visualscripting@1.6.1\Editor\VisualScripting.Core\Dependencies\YamlDotNet\Unity.VisualScripting.YamlDotNet.dll
Symbol file LoadedFromMemory doesn't match image D:\Git\ProjectBouncing Ball Test\Library\PackageCache\com.unity.visualscripting@1.6.1\Editor\VisualScripting.Core\Dependencies\DotNetZip\Unity.VisualScripting.IonicZip.dll
Native extension for WindowsStandalone target not found
Refreshing native plugins compatible for Editor in 0.69 ms, found 2 plugins.
Preloading 0 native plugins for Editor in 0.00 ms.
Mono: successfully reloaded assembly
- Completed reload, in  1.228 seconds
Platform modules already initialized, skipping
Switching build target platform(19) subTarget(0) extendedPlatform(0) -> platform(13) subTarget(537395200) extendedPlatform(0)
Refreshing native plugins compatible for Editor in 0.89 ms, found 2 plugins.
Preloading 0 native plugins for Editor in 0.00 ms.
Unloading 3414 Unused Serialized files (Serialized files now loaded: 0)
System memory in use before: 140.0 MB.
System memory in use after: 140.1 MB.

Unloading 19 unused Assets to reduce memory usage. Loaded Objects now: 3981.
Total: 2.611300 ms (FindLiveObjects: 0.289400 ms CreateObjectMapping: 0.115100 ms MarkObjects: 2.102400 ms  DeleteObjects: 0.103100 ms)

AssetImportParameters requested are different than current active one (requested -> active):
  custom:graphics/normal-map-encoding: 01000000000000000000000000000000 -> 02000000000000000000000000000000
========================================================================
Received Import Request.
  Time since last request: 132.871629 seconds.
  path: Assets/Scripts/Buttons/Exit.cs
  artifactKey: Guid(3f6e257ea05b3ea488ca3c67b44d124a) Importer(815301076,1909f56bfc062723c751e8b465ee728b)
Start importing Assets/Scripts/Buttons/Exit.cs using Guid(3f6e257ea05b3ea488ca3c67b44d124a) Importer(815301076,1909f56bfc062723c751e8b465ee728b)  -> (artifact id: '56a5a41fa255347fe5bce097bb8e3ee6') in 0.007160 seconds 
========================================================================
Received Prepare
Registering precompiled user dll's ...
Registered in 0.004739 seconds.
Begin MonoManager ReloadAssembly
Symbol file LoadedFromMemory doesn't match image D:\Git\ProjectBouncing Ball Test\Library\PackageCache\com.unity.visualscripting@1.6.1\Editor\VisualScripting.Core\Dependencies\YamlDotNet\Unity.VisualScripting.YamlDotNet.dll
Symbol file LoadedFromMemory doesn't match image D:\Git\ProjectBouncing Ball Test\Library\PackageCache\com.unity.visualscripting@1.6.1\Editor\VisualScripting.Core\Dependencies\DotNetZip\Unity.VisualScripting.IonicZip.dll
Native extension for WindowsStandalone target not found
Refreshing native plugins compatible for Editor in 0.68 ms, found 2 plugins.
Preloading 0 native plugins for Editor in 0.00 ms.
Mono: successfully reloaded assembly
- Completed reload, in  1.226 seconds
Platform modules already initialized, skipping
Switching build target platform(19) subTarget(0) extendedPlatform(0) -> platform(13) subTarget(537395200) extendedPlatform(0)
Refreshing native plugins compatible for Editor in 0.65 ms, found 2 plugins.
Preloading 0 native plugins for Editor in 0.00 ms.
Unloading 3414 Unused Serialized files (Serialized files now loaded: 0)
System memory in use before: 140.1 MB.
System memory in use after: 140.2 MB.

Unloading 19 unused Assets to reduce memory usage. Loaded Objects now: 3985.
Total: 2.795200 ms (FindLiveObjects: 0.283800 ms CreateObjectMapping: 0.086700 ms MarkObjects: 2.315200 ms  DeleteObjects: 0.108300 ms)

AssetImportParameters requested are different than current active one (requested -> active):
  custom:graphics/normal-map-encoding: 01000000000000000000000000000000 -> 02000000000000000000000000000000
========================================================================
Received Import Request.
  Time since last request: 835.024153 seconds.
  path: Assets/Scripts/Animation
  artifactKey: Guid(fc11b0f0848944247a11dd1c8dc7304d) Importer(815301076,1909f56bfc062723c751e8b465ee728b)
Start importing Assets/Scripts/Animation using Guid(fc11b0f0848944247a11dd1c8dc7304d) Importer(815301076,1909f56bfc062723c751e8b465ee728b)  -> (artifact id: '4b3e29377dbbaf18c5911a6fd356d8ba') in 0.008680 seconds 
========================================================================
Received Import Request.
  Time since last request: 60.838637 seconds.
  path: Assets/Scripts/Animation/TextCredits.controller
  artifactKey: Guid(1b5ce417e1a5b9d49afe8f3634383b74) Importer(815301076,1909f56bfc062723c751e8b465ee728b)
Start importing Assets/Scripts/Animation/TextCredits.controller using Guid(1b5ce417e1a5b9d49afe8f3634383b74) Importer(815301076,1909f56bfc062723c751e8b465ee728b)  -> (artifact id: '10a2d219d0f475c6a76ba8fdb7bb5afb') in 0.013096 seconds 
========================================================================
Received Import Request.
  Time since last request: 15.114034 seconds.
  path: Assets/Scripts/Animation/TextUp.anim
  artifactKey: Guid(65feadcb7b1317f4e8a3729eebe36751) Importer(815301076,1909f56bfc062723c751e8b465ee728b)
Start importing Assets/Scripts/Animation/TextUp.anim using Guid(65feadcb7b1317f4e8a3729eebe36751) Importer(815301076,1909f56bfc062723c751e8b465ee728b)  -> (artifact id: 'e8092106fe9d353424ef8e1c89097cbb') in 0.006549 seconds 
========================================================================
Received Import Request.
  Time since last request: 8.430547 seconds.
  path: Assets/Scripts/Animation/TextSlideUp.anim
  artifactKey: Guid(65feadcb7b1317f4e8a3729eebe36751) Importer(815301076,1909f56bfc062723c751e8b465ee728b)
Start importing Assets/Scripts/Animation/TextSlideUp.anim using Guid(65feadcb7b1317f4e8a3729eebe36751) Importer(815301076,1909f56bfc062723c751e8b465ee728b)  -> (artifact id: 'fa8032d0ec1f67f601b51fcb877f2cc3') in 0.004042 seconds 
========================================================================
Received Import Request.
  Time since last request: 81.464719 seconds.
  path: Assets/Animation/Idle.anim
  artifactKey: Guid(bf6228ccc72d7c446b5a238b82dffb73) Importer(815301076,1909f56bfc062723c751e8b465ee728b)
Start importing Assets/Animation/Idle.anim using Guid(bf6228ccc72d7c446b5a238b82dffb73) Importer(815301076,1909f56bfc062723c751e8b465ee728b)  -> (artifact id: '8a7a2f723e48c4b2b93dcc6578dd5f89') in 0.004503 seconds 
========================================================================
Received Import Request.
  Time since last request: 195.836371 seconds.
  path: Assets/Animation/TextCredits.controller
  artifactKey: Guid(1b5ce417e1a5b9d49afe8f3634383b74) Importer(815301076,1909f56bfc062723c751e8b465ee728b)
Start importing Assets/Animation/TextCredits.controller using Guid(1b5ce417e1a5b9d49afe8f3634383b74) Importer(815301076,1909f56bfc062723c751e8b465ee728b)  -> (artifact id: '79fe98a1266f82cdcd8219d0fc03861c') in 0.005096 seconds 
========================================================================
Received Import Request.
  Time since last request: 846.373947 seconds.
  path: Assets/Sprites/Button.png
  artifactKey: Guid(e3b6d4b60adfc7446b3c76d8e012443a) Importer(815301076,1909f56bfc062723c751e8b465ee728b)
Start importing Assets/Sprites/Button.png using Guid(e3b6d4b60adfc7446b3c76d8e012443a) Importer(815301076,1909f56bfc062723c751e8b465ee728b)  -> (artifact id: '821bbb11bbb0807e95c27699372609da') in 0.053784 seconds 
========================================================================
Received Import Request.
  Time since last request: 13.563562 seconds.
  path: Assets/Sprites/Button.png
  artifactKey: Guid(e3b6d4b60adfc7446b3c76d8e012443a) Importer(815301076,1909f56bfc062723c751e8b465ee728b)
Start importing Assets/Sprites/Button.png using Guid(e3b6d4b60adfc7446b3c76d8e012443a) Importer(815301076,1909f56bfc062723c751e8b465ee728b)  -> (artifact id: '9c0b02a685a6584419da216b1bc4df11') in 0.011353 seconds 
========================================================================
Received Import Request.
  Time since last request: 104.755442 seconds.
  path: Assets/Sprites/Button.png
  artifactKey: Guid(e3b6d4b60adfc7446b3c76d8e012443a) Importer(815301076,1909f56bfc062723c751e8b465ee728b)
Start importing Assets/Sprites/Button.png using Guid(e3b6d4b60adfc7446b3c76d8e012443a) Importer(815301076,1909f56bfc062723c751e8b465ee728b)  -> (artifact id: '0d2fd2e30bccfeb208d2998b57a50950') in 0.012097 seconds 
========================================================================
Received Import Request.
  Time since last request: 10.792228 seconds.
  path: Assets/Sprites/Button.png
  artifactKey: Guid(e3b6d4b60adfc7446b3c76d8e012443a) Importer(815301076,1909f56bfc062723c751e8b465ee728b)
Start importing Assets/Sprites/Button.png using Guid(e3b6d4b60adfc7446b3c76d8e012443a) Importer(815301076,1909f56bfc062723c751e8b465ee728b)  -> (artifact id: '46dfffbe9be48302d3fc838dca46cc95') in 0.009200 seconds 
========================================================================
Received Prepare
Registering precompiled user dll's ...
Registered in 0.005373 seconds.
Begin MonoManager ReloadAssembly
Symbol file LoadedFromMemory doesn't match image D:\Git\ProjectBouncing Ball Test\Library\PackageCache\com.unity.visualscripting@1.6.1\Editor\VisualScripting.Core\Dependencies\YamlDotNet\Unity.VisualScripting.YamlDotNet.dll
Symbol file LoadedFromMemory doesn't match image D:\Git\ProjectBouncing Ball Test\Library\PackageCache\com.unity.visualscripting@1.6.1\Editor\VisualScripting.Core\Dependencies\DotNetZip\Unity.VisualScripting.IonicZip.dll
Native extension for WindowsStandalone target not found
Refreshing native plugins compatible for Editor in 0.97 ms, found 2 plugins.
Preloading 0 native plugins for Editor in 0.00 ms.
Mono: successfully reloaded assembly
- Completed reload, in  1.259 seconds
Platform modules already initialized, skipping
Switching build target platform(19) subTarget(0) extendedPlatform(0) -> platform(13) subTarget(537395200) extendedPlatform(0)
Refreshing native plugins compatible for Editor in 0.94 ms, found 2 plugins.
Preloading 0 native plugins for Editor in 0.00 ms.
Unloading 3414 Unused Serialized files (Serialized files now loaded: 0)
System memory in use before: 141.7 MB.
System memory in use after: 141.8 MB.

Unloading 19 unused Assets to reduce memory usage. Loaded Objects now: 4046.
Total: 2.523900 ms (FindLiveObjects: 0.309100 ms CreateObjectMapping: 0.086900 ms MarkObjects: 2.025900 ms  DeleteObjects: 0.100600 ms)

AssetImportParameters requested are different than current active one (requested -> active):
  custom:graphics/normal-map-encoding: 01000000000000000000000000000000 -> 02000000000000000000000000000000
========================================================================
Received Import Request.
  Time since last request: 325.943319 seconds.
  path: Assets/Scripts/Buttons/ShowCredits.cs
  artifactKey: Guid(d857f25c69696704cb0d9549f1fcee44) Importer(815301076,1909f56bfc062723c751e8b465ee728b)
Start importing Assets/Scripts/Buttons/ShowCredits.cs using Guid(d857f25c69696704cb0d9549f1fcee44) Importer(815301076,1909f56bfc062723c751e8b465ee728b)  -> (artifact id: 'f34edf6ec4e12c5499bc095d84403d38') in 0.007409 seconds 
========================================================================
Received Prepare
Registering precompiled user dll's ...
Registered in 0.004822 seconds.
Begin MonoManager ReloadAssembly
Symbol file LoadedFromMemory doesn't match image D:\Git\ProjectBouncing Ball Test\Library\PackageCache\com.unity.visualscripting@1.6.1\Editor\VisualScripting.Core\Dependencies\YamlDotNet\Unity.VisualScripting.YamlDotNet.dll
Symbol file LoadedFromMemory doesn't match image D:\Git\ProjectBouncing Ball Test\Library\PackageCache\com.unity.visualscripting@1.6.1\Editor\VisualScripting.Core\Dependencies\DotNetZip\Unity.VisualScripting.IonicZip.dll
Native extension for WindowsStandalone target not found
Refreshing native plugins compatible for Editor in 0.96 ms, found 2 plugins.
Preloading 0 native plugins for Editor in 0.00 ms.
Mono: successfully reloaded assembly
- Completed reload, in  1.244 seconds
Platform modules already initialized, skipping
Switching build target platform(19) subTarget(0) extendedPlatform(0) -> platform(13) subTarget(537395200) extendedPlatform(0)
Refreshing native plugins compatible for Editor in 0.66 ms, found 2 plugins.
Preloading 0 native plugins for Editor in 0.00 ms.
Unloading 3414 Unused Serialized files (Serialized files now loaded: 0)
System memory in use before: 141.7 MB.
System memory in use after: 141.8 MB.

Unloading 19 unused Assets to reduce memory usage. Loaded Objects now: 4050.
Total: 2.743900 ms (FindLiveObjects: 0.309400 ms CreateObjectMapping: 0.087600 ms MarkObjects: 2.211300 ms  DeleteObjects: 0.134200 ms)

AssetImportParameters requested are different than current active one (requested -> active):
  custom:graphics/normal-map-encoding: 01000000000000000000000000000000 -> 02000000000000000000000000000000
========================================================================
Received Prepare
Registering precompiled user dll's ...
Registered in 0.005324 seconds.
Begin MonoManager ReloadAssembly
Symbol file LoadedFromMemory doesn't match image D:\Git\ProjectBouncing Ball Test\Library\PackageCache\com.unity.visualscripting@1.6.1\Editor\VisualScripting.Core\Dependencies\YamlDotNet\Unity.VisualScripting.YamlDotNet.dll
Symbol file LoadedFromMemory doesn't match image D:\Git\ProjectBouncing Ball Test\Library\PackageCache\com.unity.visualscripting@1.6.1\Editor\VisualScripting.Core\Dependencies\DotNetZip\Unity.VisualScripting.IonicZip.dll
Native extension for WindowsStandalone target not found
Refreshing native plugins compatible for Editor in 0.97 ms, found 2 plugins.
Preloading 0 native plugins for Editor in 0.00 ms.
Mono: successfully reloaded assembly
- Completed reload, in  1.229 seconds
Platform modules already initialized, skipping
Switching build target platform(19) subTarget(0) extendedPlatform(0) -> platform(13) subTarget(537395200) extendedPlatform(0)
Refreshing native plugins compatible for Editor in 0.77 ms, found 2 plugins.
Preloading 0 native plugins for Editor in 0.00 ms.
Unloading 3414 Unused Serialized files (Serialized files now loaded: 0)
System memory in use before: 142.2 MB.
System memory in use after: 142.3 MB.

Unloading 19 unused Assets to reduce memory usage. Loaded Objects now: 4054.
Total: 3.876800 ms (FindLiveObjects: 0.314300 ms CreateObjectMapping: 0.087000 ms MarkObjects: 3.325400 ms  DeleteObjects: 0.148100 ms)

AssetImportParameters requested are different than current active one (requested -> active):
  custom:graphics/normal-map-encoding: 01000000000000000000000000000000 -> 02000000000000000000000000000000
========================================================================
Received Prepare
Registering precompiled user dll's ...
Registered in 0.005037 seconds.
Begin MonoManager ReloadAssembly
Symbol file LoadedFromMemory doesn't match image D:\Git\ProjectBouncing Ball Test\Library\PackageCache\com.unity.visualscripting@1.6.1\Editor\VisualScripting.Core\Dependencies\YamlDotNet\Unity.VisualScripting.YamlDotNet.dll
Symbol file LoadedFromMemory doesn't match image D:\Git\ProjectBouncing Ball Test\Library\PackageCache\com.unity.visualscripting@1.6.1\Editor\VisualScripting.Core\Dependencies\DotNetZip\Unity.VisualScripting.IonicZip.dll
Native extension for WindowsStandalone target not found
Refreshing native plugins compatible for Editor in 0.68 ms, found 2 plugins.
Preloading 0 native plugins for Editor in 0.00 ms.
Mono: successfully reloaded assembly
- Completed reload, in  1.171 seconds
Platform modules already initialized, skipping
Switching build target platform(19) subTarget(0) extendedPlatform(0) -> platform(13) subTarget(537395200) extendedPlatform(0)
Refreshing native plugins compatible for Editor in 0.64 ms, found 2 plugins.
Preloading 0 native plugins for Editor in 0.00 ms.
Unloading 3414 Unused Serialized files (Serialized files now loaded: 0)
System memory in use before: 142.3 MB.
System memory in use after: 142.4 MB.

Unloading 19 unused Assets to reduce memory usage. Loaded Objects now: 4058.
Total: 2.563900 ms (FindLiveObjects: 0.320200 ms CreateObjectMapping: 0.088300 ms MarkObjects: 2.051100 ms  DeleteObjects: 0.103000 ms)

AssetImportParameters requested are different than current active one (requested -> active):
  custom:graphics/normal-map-encoding: 01000000000000000000000000000000 -> 02000000000000000000000000000000
========================================================================
Received Import Request.
  Time since last request: 188.555810 seconds.
  path: Assets/Animation/TextSlideUp.anim
  artifactKey: Guid(65feadcb7b1317f4e8a3729eebe36751) Importer(815301076,1909f56bfc062723c751e8b465ee728b)
Start importing Assets/Animation/TextSlideUp.anim using Guid(65feadcb7b1317f4e8a3729eebe36751) Importer(815301076,1909f56bfc062723c751e8b465ee728b)  -> (artifact id: '6a93e1b222128cbc983bdb6fb3fe2864') in 0.025147 seconds 
========================================================================
Received Prepare
Registering precompiled user dll's ...
Registered in 0.004837 seconds.
Begin MonoManager ReloadAssembly
Symbol file LoadedFromMemory doesn't match image D:\Git\ProjectBouncing Ball Test\Library\PackageCache\com.unity.visualscripting@1.6.1\Editor\VisualScripting.Core\Dependencies\YamlDotNet\Unity.VisualScripting.YamlDotNet.dll
Symbol file LoadedFromMemory doesn't match image D:\Git\ProjectBouncing Ball Test\Library\PackageCache\com.unity.visualscripting@1.6.1\Editor\VisualScripting.Core\Dependencies\DotNetZip\Unity.VisualScripting.IonicZip.dll
Native extension for WindowsStandalone target not found
Refreshing native plugins compatible for Editor in 0.97 ms, found 2 plugins.
Preloading 0 native plugins for Editor in 0.00 ms.
Mono: successfully reloaded assembly
- Completed reload, in  1.302 seconds
Platform modules already initialized, skipping
Switching build target platform(19) subTarget(0) extendedPlatform(0) -> platform(13) subTarget(537395200) extendedPlatform(0)
Refreshing native plugins compatible for Editor in 0.69 ms, found 2 plugins.
Preloading 0 native plugins for Editor in 0.00 ms.
Unloading 3414 Unused Serialized files (Serialized files now loaded: 0)
System memory in use before: 142.3 MB.
System memory in use after: 142.4 MB.

Unloading 19 unused Assets to reduce memory usage. Loaded Objects now: 4062.
Total: 4.185500 ms (FindLiveObjects: 0.337600 ms CreateObjectMapping: 0.087900 ms MarkObjects: 3.605400 ms  DeleteObjects: 0.153100 ms)

AssetImportParameters requested are different than current active one (requested -> active):
  custom:graphics/normal-map-encoding: 01000000000000000000000000000000 -> 02000000000000000000000000000000
========================================================================
Received Import Request.
  Time since last request: 98.406818 seconds.
  path: Assets/Animation/TextSlideUp.anim
  artifactKey: Guid(65feadcb7b1317f4e8a3729eebe36751) Importer(815301076,1909f56bfc062723c751e8b465ee728b)
Start importing Assets/Animation/TextSlideUp.anim using Guid(65feadcb7b1317f4e8a3729eebe36751) Importer(815301076,1909f56bfc062723c751e8b465ee728b)  -> (artifact id: '630d1eba302927876787ade065f9673c') in 0.015661 seconds 
========================================================================
Received Prepare
Registering precompiled user dll's ...
Registered in 0.004913 seconds.
Begin MonoManager ReloadAssembly
Symbol file LoadedFromMemory doesn't match image D:\Git\ProjectBouncing Ball Test\Library\PackageCache\com.unity.visualscripting@1.6.1\Editor\VisualScripting.Core\Dependencies\YamlDotNet\Unity.VisualScripting.YamlDotNet.dll
Symbol file LoadedFromMemory doesn't match image D:\Git\ProjectBouncing Ball Test\Library\PackageCache\com.unity.visualscripting@1.6.1\Editor\VisualScripting.Core\Dependencies\DotNetZip\Unity.VisualScripting.IonicZip.dll
Native extension for WindowsStandalone target not found
Refreshing native plugins compatible for Editor in 0.99 ms, found 2 plugins.
Preloading 0 native plugins for Editor in 0.00 ms.
Mono: successfully reloaded assembly
- Completed reload, in  1.317 seconds
Platform modules already initialized, skipping
Switching build target platform(19) subTarget(0) extendedPlatform(0) -> platform(13) subTarget(537395200) extendedPlatform(0)
Refreshing native plugins compatible for Editor in 1.03 ms, found 2 plugins.
Preloading 0 native plugins for Editor in 0.00 ms.
Unloading 3414 Unused Serialized files (Serialized files now loaded: 0)
System memory in use before: 142.3 MB.
System memory in use after: 142.4 MB.

Unloading 19 unused Assets to reduce memory usage. Loaded Objects now: 4066.
Total: 3.391000 ms (FindLiveObjects: 0.371200 ms CreateObjectMapping: 0.119000 ms MarkObjects: 2.781800 ms  DeleteObjects: 0.117600 ms)

AssetImportParameters requested are different than current active one (requested -> active):
  custom:graphics/normal-map-encoding: 01000000000000000000000000000000 -> 02000000000000000000000000000000
========================================================================
Received Prepare
Registering precompiled user dll's ...
Registered in 0.005412 seconds.
Begin MonoManager ReloadAssembly
Symbol file LoadedFromMemory doesn't match image D:\Git\ProjectBouncing Ball Test\Library\PackageCache\com.unity.visualscripting@1.6.1\Editor\VisualScripting.Core\Dependencies\YamlDotNet\Unity.VisualScripting.YamlDotNet.dll
Symbol file LoadedFromMemory doesn't match image D:\Git\ProjectBouncing Ball Test\Library\PackageCache\com.unity.visualscripting@1.6.1\Editor\VisualScripting.Core\Dependencies\DotNetZip\Unity.VisualScripting.IonicZip.dll
Native extension for WindowsStandalone target not found
Refreshing native plugins compatible for Editor in 0.69 ms, found 2 plugins.
Preloading 0 native plugins for Editor in 0.00 ms.
Mono: successfully reloaded assembly
- Completed reload, in  1.324 seconds
Platform modules already initialized, skipping
Switching build target platform(19) subTarget(0) extendedPlatform(0) -> platform(13) subTarget(537395200) extendedPlatform(0)
Refreshing native plugins compatible for Editor in 0.65 ms, found 2 plugins.
Preloading 0 native plugins for Editor in 0.00 ms.
Unloading 3414 Unused Serialized files (Serialized files now loaded: 0)
System memory in use before: 142.3 MB.
System memory in use after: 142.4 MB.

Unloading 19 unused Assets to reduce memory usage. Loaded Objects now: 4070.
Total: 3.204300 ms (FindLiveObjects: 0.483600 ms CreateObjectMapping: 0.175500 ms MarkObjects: 2.416800 ms  DeleteObjects: 0.127000 ms)

AssetImportParameters requested are different than current active one (requested -> active):
  custom:graphics/normal-map-encoding: 01000000000000000000000000000000 -> 02000000000000000000000000000000
========================================================================
Received Prepare
Registering precompiled user dll's ...
Registered in 0.004822 seconds.
Begin MonoManager ReloadAssembly
Symbol file LoadedFromMemory doesn't match image D:\Git\ProjectBouncing Ball Test\Library\PackageCache\com.unity.visualscripting@1.6.1\Editor\VisualScripting.Core\Dependencies\YamlDotNet\Unity.VisualScripting.YamlDotNet.dll
Symbol file LoadedFromMemory doesn't match image D:\Git\ProjectBouncing Ball Test\Library\PackageCache\com.unity.visualscripting@1.6.1\Editor\VisualScripting.Core\Dependencies\DotNetZip\Unity.VisualScripting.IonicZip.dll
Native extension for WindowsStandalone target not found
Refreshing native plugins compatible for Editor in 0.99 ms, found 2 plugins.
Preloading 0 native plugins for Editor in 0.00 ms.
Mono: successfully reloaded assembly
- Completed reload, in  1.355 seconds
Platform modules already initialized, skipping
Switching build target platform(19) subTarget(0) extendedPlatform(0) -> platform(13) subTarget(537395200) extendedPlatform(0)
Refreshing native plugins compatible for Editor in 0.72 ms, found 2 plugins.
Preloading 0 native plugins for Editor in 0.00 ms.
Unloading 3414 Unused Serialized files (Serialized files now loaded: 0)
System memory in use before: 142.3 MB.
System memory in use after: 142.4 MB.

Unloading 19 unused Assets to reduce memory usage. Loaded Objects now: 4074.
Total: 3.378100 ms (FindLiveObjects: 0.334600 ms CreateObjectMapping: 0.092800 ms MarkObjects: 2.840100 ms  DeleteObjects: 0.109000 ms)

AssetImportParameters requested are different than current active one (requested -> active):
  custom:graphics/normal-map-encoding: 01000000000000000000000000000000 -> 02000000000000000000000000000000
========================================================================
Received Import Request.
  Time since last request: 237.832347 seconds.
  path: Assets/Scripts/Buttons/StartGame.cs
  artifactKey: Guid(3b07f2246ee5c754cb5fdb24ac7f6289) Importer(815301076,1909f56bfc062723c751e8b465ee728b)
Start importing Assets/Scripts/Buttons/StartGame.cs using Guid(3b07f2246ee5c754cb5fdb24ac7f6289) Importer(815301076,1909f56bfc062723c751e8b465ee728b)  -> (artifact id: 'fedb0347b82a804a56d0a74dd8148159') in 0.008152 seconds 
========================================================================
Received Import Request.
  Time since last request: 26.327170 seconds.
  path: Assets/Scenes/Game.unity
  artifactKey: Guid(53e1c4ef294e6624bbaa860010ba5e92) Importer(815301076,1909f56bfc062723c751e8b465ee728b)
Start importing Assets/Scenes/Game.unity using Guid(53e1c4ef294e6624bbaa860010ba5e92) Importer(815301076,1909f56bfc062723c751e8b465ee728b)  -> (artifact id: 'be1db685c4b7e72c3bfcaba61abf061a') in 0.011606 seconds 
========================================================================
Received Import Request.
  Time since last request: 8.916133 seconds.
  path: Assets/Scenes/Menu.unity
  artifactKey: Guid(9502dcef7129009418b0c82269b77f23) Importer(815301076,1909f56bfc062723c751e8b465ee728b)
Start importing Assets/Scenes/Menu.unity using Guid(9502dcef7129009418b0c82269b77f23) Importer(815301076,1909f56bfc062723c751e8b465ee728b)  -> (artifact id: '229831556eb7aad7fe2cc8b195dac96e') in 0.003354 seconds 
========================================================================
Received Import Request.
  Time since last request: 55.646853 seconds.
  path: Assets/Scripts/Buttons/Menu.cs
  artifactKey: Guid(60640a03c0f1b234884a88421aceec4a) Importer(815301076,1909f56bfc062723c751e8b465ee728b)
Start importing Assets/Scripts/Buttons/Menu.cs using Guid(60640a03c0f1b234884a88421aceec4a) Importer(815301076,1909f56bfc062723c751e8b465ee728b)  -> (artifact id: '2f1ce7e7069ae41a56b3fe74de88dd86') in 0.003226 seconds 
========================================================================
Received Prepare
Registering precompiled user dll's ...
Registered in 0.004864 seconds.
Begin MonoManager ReloadAssembly
Symbol file LoadedFromMemory doesn't match image D:\Git\ProjectBouncing Ball Test\Library\PackageCache\com.unity.visualscripting@1.6.1\Editor\VisualScripting.Core\Dependencies\YamlDotNet\Unity.VisualScripting.YamlDotNet.dll
Symbol file LoadedFromMemory doesn't match image D:\Git\ProjectBouncing Ball Test\Library\PackageCache\com.unity.visualscripting@1.6.1\Editor\VisualScripting.Core\Dependencies\DotNetZip\Unity.VisualScripting.IonicZip.dll
Native extension for WindowsStandalone target not found
Refreshing native plugins compatible for Editor in 0.66 ms, found 2 plugins.
Preloading 0 native plugins for Editor in 0.00 ms.
Mono: successfully reloaded assembly
- Completed reload, in  1.267 seconds
Platform modules already initialized, skipping
Switching build target platform(19) subTarget(0) extendedPlatform(0) -> platform(13) subTarget(537395200) extendedPlatform(0)
Refreshing native plugins compatible for Editor in 0.66 ms, found 2 plugins.
Preloading 0 native plugins for Editor in 0.00 ms.
Unloading 3415 Unused Serialized files (Serialized files now loaded: 0)
System memory in use before: 142.3 MB.
System memory in use after: 142.4 MB.

Unloading 19 unused Assets to reduce memory usage. Loaded Objects now: 4079.
Total: 3.275200 ms (FindLiveObjects: 0.322000 ms CreateObjectMapping: 0.088800 ms MarkObjects: 2.719500 ms  DeleteObjects: 0.143300 ms)

AssetImportParameters requested are different than current active one (requested -> active):
  custom:graphics/normal-map-encoding: 01000000000000000000000000000000 -> 02000000000000000000000000000000
========================================================================
Received Prepare
Registering precompiled user dll's ...
Registered in 0.006348 seconds.
Begin MonoManager ReloadAssembly
Symbol file LoadedFromMemory doesn't match image D:\Git\ProjectBouncing Ball Test\Library\PackageCache\com.unity.visualscripting@1.6.1\Editor\VisualScripting.Core\Dependencies\YamlDotNet\Unity.VisualScripting.YamlDotNet.dll
Symbol file LoadedFromMemory doesn't match image D:\Git\ProjectBouncing Ball Test\Library\PackageCache\com.unity.visualscripting@1.6.1\Editor\VisualScripting.Core\Dependencies\DotNetZip\Unity.VisualScripting.IonicZip.dll
Native extension for WindowsStandalone target not found
Refreshing native plugins compatible for Editor in 0.96 ms, found 2 plugins.
Preloading 0 native plugins for Editor in 0.00 ms.
Mono: successfully reloaded assembly
- Completed reload, in  1.469 seconds
Platform modules already initialized, skipping
Switching build target platform(19) subTarget(0) extendedPlatform(0) -> platform(13) subTarget(537395200) extendedPlatform(0)
Refreshing native plugins compatible for Editor in 0.69 ms, found 2 plugins.
Preloading 0 native plugins for Editor in 0.00 ms.
Unloading 3415 Unused Serialized files (Serialized files now loaded: 0)
System memory in use before: 142.4 MB.
System memory in use after: 142.5 MB.

Unloading 19 unused Assets to reduce memory usage. Loaded Objects now: 4083.
Total: 2.890400 ms (FindLiveObjects: 0.454300 ms CreateObjectMapping: 0.123300 ms MarkObjects: 2.192700 ms  DeleteObjects: 0.118500 ms)

AssetImportParameters requested are different than current active one (requested -> active):
  custom:graphics/normal-map-encoding: 01000000000000000000000000000000 -> 02000000000000000000000000000000
========================================================================
Received Import Request.
  Time since last request: 78.216540 seconds.
  path: Assets/Scripts/Buttons/MenuScene.cs
  artifactKey: Guid(60640a03c0f1b234884a88421aceec4a) Importer(815301076,1909f56bfc062723c751e8b465ee728b)
Start importing Assets/Scripts/Buttons/MenuScene.cs using Guid(60640a03c0f1b234884a88421aceec4a) Importer(815301076,1909f56bfc062723c751e8b465ee728b)  -> (artifact id: '142d6ec2951d56e8f0aae5199eff3b27') in 0.007921 seconds 
========================================================================
Received Import Request.
  Time since last request: 111.717291 seconds.
  path: Assets/Scenes/Game.unity
  artifactKey: Guid(53e1c4ef294e6624bbaa860010ba5e92) Importer(815301076,1909f56bfc062723c751e8b465ee728b)
Start importing Assets/Scenes/Game.unity using Guid(53e1c4ef294e6624bbaa860010ba5e92) Importer(815301076,1909f56bfc062723c751e8b465ee728b)  -> (artifact id: '1c0374c0b0b719cef27550f2c5689886') in 0.010817 seconds 
========================================================================
Received Prepare
Registering precompiled user dll's ...
Registered in 0.005334 seconds.
Begin MonoManager ReloadAssembly
Symbol file LoadedFromMemory doesn't match image D:\Git\ProjectBouncing Ball Test\Library\PackageCache\com.unity.visualscripting@1.6.1\Editor\VisualScripting.Core\Dependencies\YamlDotNet\Unity.VisualScripting.YamlDotNet.dll
Symbol file LoadedFromMemory doesn't match image D:\Git\ProjectBouncing Ball Test\Library\PackageCache\com.unity.visualscripting@1.6.1\Editor\VisualScripting.Core\Dependencies\DotNetZip\Unity.VisualScripting.IonicZip.dll
Native extension for WindowsStandalone target not found
Refreshing native plugins compatible for Editor in 0.68 ms, found 2 plugins.
Preloading 0 native plugins for Editor in 0.00 ms.
Mono: successfully reloaded assembly
- Completed reload, in  1.405 seconds
Platform modules already initialized, skipping
Switching build target platform(19) subTarget(0) extendedPlatform(0) -> platform(13) subTarget(537395200) extendedPlatform(0)
Refreshing native plugins compatible for Editor in 0.66 ms, found 2 plugins.
Preloading 0 native plugins for Editor in 0.00 ms.
Unloading 3415 Unused Serialized files (Serialized files now loaded: 0)
System memory in use before: 142.4 MB.
System memory in use after: 142.5 MB.

Unloading 19 unused Assets to reduce memory usage. Loaded Objects now: 4087.
Total: 3.580900 ms (FindLiveObjects: 0.367200 ms CreateObjectMapping: 0.090400 ms MarkObjects: 2.982700 ms  DeleteObjects: 0.139000 ms)

AssetImportParameters requested are different than current active one (requested -> active):
  custom:graphics/normal-map-encoding: 01000000000000000000000000000000 -> 02000000000000000000000000000000
========================================================================
Received Prepare
Registering precompiled user dll's ...
Registered in 0.004822 seconds.
Begin MonoManager ReloadAssembly
Symbol file LoadedFromMemory doesn't match image D:\Git\ProjectBouncing Ball Test\Library\PackageCache\com.unity.visualscripting@1.6.1\Editor\VisualScripting.Core\Dependencies\YamlDotNet\Unity.VisualScripting.YamlDotNet.dll
Symbol file LoadedFromMemory doesn't match image D:\Git\ProjectBouncing Ball Test\Library\PackageCache\com.unity.visualscripting@1.6.1\Editor\VisualScripting.Core\Dependencies\DotNetZip\Unity.VisualScripting.IonicZip.dll
Native extension for WindowsStandalone target not found
Refreshing native plugins compatible for Editor in 0.68 ms, found 2 plugins.
Preloading 0 native plugins for Editor in 0.00 ms.
Mono: successfully reloaded assembly
- Completed reload, in  1.416 seconds
Platform modules already initialized, skipping
Switching build target platform(19) subTarget(0) extendedPlatform(0) -> platform(13) subTarget(537395200) extendedPlatform(0)
Refreshing native plugins compatible for Editor in 0.66 ms, found 2 plugins.
Preloading 0 native plugins for Editor in 0.00 ms.
Unloading 3415 Unused Serialized files (Serialized files now loaded: 0)
System memory in use before: 142.4 MB.
System memory in use after: 142.5 MB.

Unloading 19 unused Assets to reduce memory usage. Loaded Objects now: 4091.
Total: 3.179500 ms (FindLiveObjects: 0.301400 ms CreateObjectMapping: 0.086900 ms MarkObjects: 2.667000 ms  DeleteObjects: 0.123000 ms)

AssetImportParameters requested are different than current active one (requested -> active):
  custom:graphics/normal-map-encoding: 01000000000000000000000000000000 -> 02000000000000000000000000000000
========================================================================
Received Prepare
Registering precompiled user dll's ...
Registered in 0.005283 seconds.
Begin MonoManager ReloadAssembly
Symbol file LoadedFromMemory doesn't match image D:\Git\ProjectBouncing Ball Test\Library\PackageCache\com.unity.visualscripting@1.6.1\Editor\VisualScripting.Core\Dependencies\YamlDotNet\Unity.VisualScripting.YamlDotNet.dll
Symbol file LoadedFromMemory doesn't match image D:\Git\ProjectBouncing Ball Test\Library\PackageCache\com.unity.visualscripting@1.6.1\Editor\VisualScripting.Core\Dependencies\DotNetZip\Unity.VisualScripting.IonicZip.dll
Native extension for WindowsStandalone target not found
Refreshing native plugins compatible for Editor in 0.67 ms, found 2 plugins.
Preloading 0 native plugins for Editor in 0.00 ms.
Mono: successfully reloaded assembly
- Completed reload, in  1.278 seconds
Platform modules already initialized, skipping
Switching build target platform(19) subTarget(0) extendedPlatform(0) -> platform(13) subTarget(537395200) extendedPlatform(0)
Refreshing native plugins compatible for Editor in 0.93 ms, found 2 plugins.
Preloading 0 native plugins for Editor in 0.00 ms.
Unloading 3415 Unused Serialized files (Serialized files now loaded: 0)
System memory in use before: 142.4 MB.
System memory in use after: 142.5 MB.

Unloading 19 unused Assets to reduce memory usage. Loaded Objects now: 4095.
Total: 3.076600 ms (FindLiveObjects: 0.410800 ms CreateObjectMapping: 0.091600 ms MarkObjects: 2.426400 ms  DeleteObjects: 0.146300 ms)

AssetImportParameters requested are different than current active one (requested -> active):
  custom:graphics/normal-map-encoding: 01000000000000000000000000000000 -> 02000000000000000000000000000000
